21:31:37: Searching for RST module
21:31:37: Setting RST module position: (41750000, -6000000)
21:31:37: Searching for Y1 module
21:31:37: Setting Y1 module position: (31600000, -680000)
21:31:37: Searching for C7 module
21:31:37: Setting C7 module position: (16970000, -8150000)
21:31:37: Searching for R3 module
21:31:37: Setting R3 module position: (16960000, 9370000)
21:31:37: Searching for C8 module
21:31:37: Setting C8 module position: (21290000, -9740000)
21:31:37: Searching for C6 module
21:31:37: Setting C6 module position: (11580000, -3700000)
21:31:37: Searching for C3 module
21:31:37: Setting C3 module position: (11580000, 4240000)
21:31:37: Searching for C1 module
21:31:37: Setting C1 module position: (34010000, 1690000)
21:31:37: Searching for R4 module
21:31:37: Setting R4 module position: (32010000, -5390000)
21:31:37: Searching for C4 module
21:31:37: Setting C4 module position: (21290000, -8150000)
21:31:37: Searching for R2 module
21:31:37: Setting R2 module position: (19550000, -12270000)
21:31:37: Searching for C5 module
21:31:37: Setting C5 module position: (24200000, 9370000)
21:31:37: Searching for C2 module
21:31:37: Setting C2 module position: (33650000, -2780000)
21:31:37: Searching for R1 module
21:31:37: Setting R1 module position: (17850000, -12280000)
21:31:37: Searching for J1 module
21:31:37: Setting J1 module position: (18750000, -27275000)
21:31:37: Searching for U1 module
21:31:37: Setting U1 module position: (20980000, 250000)
21:31:37: Searching for U2 module
21:31:37: Setting U2 module position: (18700000, -18375000)
21:31:37: Cloning track from template: VCC:2 -> VCC:87
21:31:37: Cloning track from template: VCC:2 -> VCC:87
21:31:37: Cloning track from template: VCC:2 -> VCC:87
21:31:37: Cloning track from template: VCC:2 -> VCC:87
21:31:37: Cloning track from template: VCC:2 -> VCC:87
21:31:37: Cloning track from template: VCC:2 -> VCC:87
21:31:37: Cloning track from template: VCC:2 -> VCC:87
21:31:37: Cloning track from template: VCC:2 -> VCC:87
21:31:37: Cloning track from template: VCC:2 -> VCC:87
21:31:37: Cloning track from template: VCC:2 -> VCC:87
21:31:37: Cloning track from template: VCC:2 -> VCC:87
21:31:37: Cloning track from template: VCC:2 -> VCC:87
21:31:37: Cloning track from template: VCC:2 -> VCC:87
21:31:37: Cloning track from template: VCC:2 -> VCC:87
21:31:37: Cloning track from template: VCC:2 -> VCC:87
21:31:37: Cloning track from template: VCC:2 -> VCC:87
21:31:37: Cloning track from template: VCC:2 -> VCC:87
21:31:37: Cloning track from template: VCC:2 -> VCC:87
21:31:37: Cloning track from template: VCC:2 -> VCC:87
21:31:37: Cloning track from template: VCC:2 -> VCC:87
21:31:37: Cloning track from template: VCC:2 -> VCC:87
21:31:37: Cloning track from template: VCC:2 -> VCC:87
21:31:37: Cloning track from template: VCC:2 -> VCC:87
21:31:37: Cloning track from template: VCC:2 -> VCC:87
21:31:37: Cloning track from template: VCC:2 -> VCC:87
21:31:37: Cloning track from template: VCC:2 -> VCC:87
21:31:37: Cloning track from template: VCC:2 -> VCC:87
21:31:37: Cloning track from template: VCC:2 -> VCC:87
21:31:37: Cloning track from template: VCC:2 -> VCC:87
21:31:37: Cloning track from template: VCC:2 -> VCC:87
21:31:37: Cloning track from template: VCC:2 -> VCC:87
21:31:37: Cloning track from template: VCC:2 -> VCC:87
21:31:37: Cloning track from template: VCC:2 -> VCC:87
21:31:37: Cloning track from template: VCC:2 -> VCC:87
21:31:37: Cloning track from template: VCC:2 -> VCC:87
21:31:37: Cloning track from template: VCC:2 -> VCC:87
21:31:37: Cloning track from template: VCC:2 -> VCC:87
21:31:37: Cloning track from template: VCC:2 -> VCC:87
21:31:37: Cloning track from template: VCC:2 -> VCC:87
21:31:37: Cloning track from template: VCC:2 -> VCC:87
21:31:37: Cloning track from template: VCC:2 -> VCC:87
21:31:37: Cloning track from template: VCC:2 -> VCC:87
21:31:37: Cloning track from template: VCC:2 -> VCC:87
21:31:37: Cloning track from template: mcu/XTAL1:3 -> mcu/XTAL1:91
21:31:37: Cloning track from template: mcu/XTAL1:3 -> mcu/XTAL1:91
21:31:37: Cloning track from template: mcu/XTAL1:3 -> mcu/XTAL1:91
21:31:37: Cloning track from template: mcu/XTAL1:3 -> mcu/XTAL1:91
21:31:37: Cloning track from template: mcu/XTAL1:3 -> mcu/XTAL1:91
21:31:37: Cloning track from template: mcu/XTAL1:3 -> mcu/XTAL1:91
21:31:37: Cloning track from template: mcu/XTAL2:4 -> mcu/XTAL2:92
21:31:37: Cloning track from template: mcu/XTAL2:4 -> mcu/XTAL2:92
21:31:37: Cloning track from template: mcu/XTAL2:4 -> mcu/XTAL2:92
21:31:37: Cloning track from template: mcu/XTAL2:4 -> mcu/XTAL2:92
21:31:37: Cloning track from template: mcu/XTAL2:4 -> mcu/XTAL2:92
21:31:37: Cloning track from template: mcu/XTAL2:4 -> mcu/XTAL2:92
21:31:37: Cloning track from template: mcu/UCAP:5 -> mcu/UCAP:90
21:31:37: Cloning track from template: mcu/UCAP:5 -> mcu/UCAP:90
21:31:37: Cloning track from template: mcu/UCAP:5 -> mcu/UCAP:90
21:31:37: Cloning track from template: mcu/UCAP:5 -> mcu/UCAP:90
21:31:37: Cloning track from template: mcu/UCAP:5 -> mcu/UCAP:90
21:31:37: Cloning track from template: usb/D+:6 -> usb/D+:97
21:31:37: Cloning track from template: usb/D+:6 -> usb/D+:97
21:31:37: Cloning track from template: usb/D+:6 -> usb/D+:97
21:31:37: Cloning track from template: usb/D+:6 -> usb/D+:97
21:31:37: Cloning track from template: usb/D+:6 -> usb/D+:97
21:31:37: Cloning track from template: usb/D+:6 -> usb/D+:97
21:31:37: Cloning track from template: usb/D-:7 -> usb/D-:98
21:31:37: Cloning track from template: usb/D-:7 -> usb/D-:98
21:31:37: Cloning track from template: usb/D-:7 -> usb/D-:98
21:31:37: Cloning track from template: usb/D-:7 -> usb/D-:98
21:31:37: Cloning track from template: usb/D-:7 -> usb/D-:98
21:31:37: Cloning track from template: usb/D-:7 -> usb/D-:98
21:31:37: Cloning track from template: usb/D-:7 -> usb/D-:98
21:31:37: Cloning track from template: mcu/D-:8 -> mcu/D-:89
21:31:37: Cloning track from template: mcu/D-:8 -> mcu/D-:89
21:31:37: Cloning track from template: mcu/D+:9 -> mcu/D+:88
21:31:37: Cloning track from template: mcu/D+:9 -> mcu/D+:88
21:31:37: Cloning track from template: mcu/D+:9 -> mcu/D+:88
21:31:37: Cloning track from template: mcu/D+:9 -> mcu/D+:88
21:31:37: Cloning track from template: mcu/~HWB~/PE2:10 -> mcu/~HWB~/PE2:93
21:31:37: Cloning track from template: mcu/~HWB~/PE2:10 -> mcu/~HWB~/PE2:93
21:31:37: Cloning track from template: mcu/~RESET:11 -> mcu/~RESET:94
21:31:37: Cloning track from template: mcu/~RESET:11 -> mcu/~RESET:94
21:31:37: Cloning track from template: mcu/~RESET:11 -> mcu/~RESET:94
21:31:37: Cloning track from template: mcu/~RESET:11 -> mcu/~RESET:94
21:31:37: Cloning track from template: mcu/~RESET:11 -> mcu/~RESET:94
21:31:37: Cloning track from template: mcu/~RESET:11 -> mcu/~RESET:94
21:31:37: Cloning track from template: mcu/~RESET:11 -> mcu/~RESET:94
21:31:37: Cloning track from template: mcu/~RESET:11 -> mcu/~RESET:94
21:31:37: Cloning track from template: mcu/~RESET:11 -> mcu/~RESET:94
21:31:37: Cloning track from template: u2/D-:12 -> u2/D-:96
21:31:37: Cloning track from template: u2/D-:12 -> u2/D-:96
21:31:37: Cloning track from template: u2/D+:13 -> u2/D+:95
21:31:37: Cloning track from template: u2/D+:13 -> u2/D+:95
21:31:37: User layout: {'meta': {'author': '', 'backcolor': '#eeeeee', 'background': {'name': '', 'style': ''}, 'name': 'unORTHOdox W14', 'notes': '', 'radii': '', 'switchBrand': '', 'switchMount': '', 'switchType': ''}, 'keys': [{'color': '#cccccc', 'labels': ['0,0'], 'textColor': ['', ''], 'textSize': [], 'default': {'textColor': '#424242', 'textSize': 3}, 'x': 0, 'y': 0, 'width': 1, 'height': 1, 'x2': 0, 'y2': 0, 'width2': 1, 'height2': 1, 'rotation_x': 0, 'rotation_y': 0, 'rotation_angle': 0, 'decal': False, 'ghost': False, 'stepped': False, 'nub': False, 'profile': '', 'sm': 'cherry', 'sb': 'gateron', 'st': 'KS-3-Yellow'}, {'color': '#cccccc', 'labels': ['0,1'], 'textColor': ['', ''], 'textSize': [], 'default': {'textColor': '#424242', 'textSize': 3}, 'x': 1, 'y': 0, 'width': 1, 'height': 1, 'x2': 0, 'y2': 0, 'width2': 1, 'height2': 1, 'rotation_x': 0, 'rotation_y': 0, 'rotation_angle': 0, 'decal': False, 'ghost': False, 'stepped': False, 'nub': False, 'profile': '', 'sm': 'cherry', 'sb': 'gateron', 'st': 'KS-3-Yellow'}, {'color': '#cccccc', 'labels': ['0,2'], 'textColor': ['', ''], 'textSize': [], 'default': {'textColor': '#424242', 'textSize': 3}, 'x': 2, 'y': 0, 'width': 1, 'height': 1, 'x2': 0, 'y2': 0, 'width2': 1, 'height2': 1, 'rotation_x': 0, 'rotation_y': 0, 'rotation_angle': 0, 'decal': False, 'ghost': False, 'stepped': False, 'nub': False, 'profile': '', 'sm': 'cherry', 'sb': 'gateron', 'st': 'KS-3-Yellow'}, {'color': '#cccccc', 'labels': ['0,3'], 'textColor': ['', ''], 'textSize': [], 'default': {'textColor': '#424242', 'textSize': 3}, 'x': 3, 'y': 0, 'width': 1, 'height': 1, 'x2': 0, 'y2': 0, 'width2': 1, 'height2': 1, 'rotation_x': 0, 'rotation_y': 0, 'rotation_angle': 0, 'decal': False, 'ghost': False, 'stepped': False, 'nub': False, 'profile': '', 'sm': 'cherry', 'sb': 'gateron', 'st': 'KS-3-Yellow'}, {'color': '#cccccc', 'labels': ['0,4'], 'textColor': ['', ''], 'textSize': [], 'default': {'textColor': '#424242', 'textSize': 3}, 'x': 4, 'y': 0, 'width': 1, 'height': 1, 'x2': 0, 'y2': 0, 'width2': 1, 'height2': 1, 'rotation_x': 0, 'rotation_y': 0, 'rotation_angle': 0, 'decal': False, 'ghost': False, 'stepped': False, 'nub': False, 'profile': '', 'sm': 'cherry', 'sb': 'gateron', 'st': 'KS-3-Yellow'}, {'color': '#cccccc', 'labels': ['0,5'], 'textColor': ['', ''], 'textSize': [], 'default': {'textColor': '#424242', 'textSize': 3}, 'x': 5, 'y': 0, 'width': 1, 'height': 1, 'x2': 0, 'y2': 0, 'width2': 1, 'height2': 1, 'rotation_x': 0, 'rotation_y': 0, 'rotation_angle': 0, 'decal': False, 'ghost': False, 'stepped': False, 'nub': False, 'profile': '', 'sm': 'cherry', 'sb': 'gateron', 'st': 'KS-3-Yellow'}, {'color': '#cccccc', 'labels': ['0,6'], 'textColor': ['', ''], 'textSize': [], 'default': {'textColor': '#424242', 'textSize': 3}, 'x': 6, 'y': 0, 'width': 1, 'height': 1, 'x2': 0, 'y2': 0, 'width2': 1, 'height2': 1, 'rotation_x': 0, 'rotation_y': 0, 'rotation_angle': 0, 'decal': False, 'ghost': False, 'stepped': False, 'nub': False, 'profile': '', 'sm': 'cherry', 'sb': 'gateron', 'st': 'KS-3-Yellow'}, {'color': '#cccccc', 'labels': ['0,7'], 'textColor': ['', ''], 'textSize': [], 'default': {'textColor': '#424242', 'textSize': 3}, 'x': 7, 'y': 0, 'width': 1, 'height': 1, 'x2': 0, 'y2': 0, 'width2': 1, 'height2': 1, 'rotation_x': 0, 'rotation_y': 0, 'rotation_angle': 0, 'decal': False, 'ghost': False, 'stepped': False, 'nub': False, 'profile': '', 'sm': 'cherry', 'sb': 'gateron', 'st': 'KS-3-Yellow'}, {'color': '#cccccc', 'labels': ['0,8'], 'textColor': ['', ''], 'textSize': [], 'default': {'textColor': '#424242', 'textSize': 3}, 'x': 8, 'y': 0, 'width': 1, 'height': 1, 'x2': 0, 'y2': 0, 'width2': 1, 'height2': 1, 'rotation_x': 0, 'rotation_y': 0, 'rotation_angle': 0, 'decal': False, 'ghost': False, 'stepped': False, 'nub': False, 'profile': '', 'sm': 'cherry', 'sb': 'gateron', 'st': 'KS-3-Yellow'}, {'color': '#cccccc', 'labels': ['0,9'], 'textColor': ['', ''], 'textSize': [], 'default': {'textColor': '#424242', 'textSize': 3}, 'x': 9, 'y': 0, 'width': 1, 'height': 1, 'x2': 0, 'y2': 0, 'width2': 1, 'height2': 1, 'rotation_x': 0, 'rotation_y': 0, 'rotation_angle': 0, 'decal': False, 'ghost': False, 'stepped': False, 'nub': False, 'profile': '', 'sm': 'cherry', 'sb': 'gateron', 'st': 'KS-3-Yellow'}, {'color': '#cccccc', 'labels': ['0,10'], 'textColor': ['', ''], 'textSize': [], 'default': {'textColor': '#424242', 'textSize': 3}, 'x': 10, 'y': 0, 'width': 1, 'height': 1, 'x2': 0, 'y2': 0, 'width2': 1, 'height2': 1, 'rotation_x': 0, 'rotation_y': 0, 'rotation_angle': 0, 'decal': False, 'ghost': False, 'stepped': False, 'nub': False, 'profile': '', 'sm': 'cherry', 'sb': 'gateron', 'st': 'KS-3-Yellow'}, {'color': '#cccccc', 'labels': ['0,11'], 'textColor': ['', ''], 'textSize': [], 'default': {'textColor': '#424242', 'textSize': 3}, 'x': 11, 'y': 0, 'width': 1, 'height': 1, 'x2': 0, 'y2': 0, 'width2': 1, 'height2': 1, 'rotation_x': 0, 'rotation_y': 0, 'rotation_angle': 0, 'decal': False, 'ghost': False, 'stepped': False, 'nub': False, 'profile': '', 'sm': 'cherry', 'sb': 'gateron', 'st': 'KS-3-Yellow'}, {'color': '#cccccc', 'labels': ['0,12'], 'textColor': ['', ''], 'textSize': [], 'default': {'textColor': '#424242', 'textSize': 3}, 'x': 12, 'y': 0, 'width': 1, 'height': 1, 'x2': 0, 'y2': 0, 'width2': 1, 'height2': 1, 'rotation_x': 0, 'rotation_y': 0, 'rotation_angle': 0, 'decal': False, 'ghost': False, 'stepped': False, 'nub': False, 'profile': '', 'sm': 'cherry', 'sb': 'gateron', 'st': 'KS-3-Yellow'}, {'color': '#cccccc', 'labels': ['0,13'], 'textColor': ['', ''], 'textSize': [], 'default': {'textColor': '#424242', 'textSize': 3}, 'x': 13, 'y': 0, 'width': 1, 'height': 1, 'x2': 0, 'y2': 0, 'width2': 1, 'height2': 1, 'rotation_x': 0, 'rotation_y': 0, 'rotation_angle': 0, 'decal': False, 'ghost': False, 'stepped': False, 'nub': False, 'profile': '', 'sm': 'cherry', 'sb': 'gateron', 'st': 'KS-3-Yellow'}, {'color': '#cccccc', 'labels': ['1,0'], 'textColor': ['', ''], 'textSize': [], 'default': {'textColor': '#424242', 'textSize': 3}, 'x': 0, 'y': 1, 'width': 1, 'height': 1, 'x2': 0, 'y2': 0, 'width2': 1, 'height2': 1, 'rotation_x': 0, 'rotation_y': 0, 'rotation_angle': 0, 'decal': False, 'ghost': False, 'stepped': False, 'nub': False, 'profile': '', 'sm': 'cherry', 'sb': 'gateron', 'st': 'KS-3-Yellow'}, {'color': '#cccccc', 'labels': ['1,1'], 'textColor': ['', ''], 'textSize': [], 'default': {'textColor': '#424242', 'textSize': 3}, 'x': 1, 'y': 1, 'width': 1, 'height': 1, 'x2': 0, 'y2': 0, 'width2': 1, 'height2': 1, 'rotation_x': 0, 'rotation_y': 0, 'rotation_angle': 0, 'decal': False, 'ghost': False, 'stepped': False, 'nub': False, 'profile': '', 'sm': 'cherry', 'sb': 'gateron', 'st': 'KS-3-Yellow'}, {'color': '#cccccc', 'labels': ['1,2'], 'textColor': ['', ''], 'textSize': [], 'default': {'textColor': '#424242', 'textSize': 3}, 'x': 2, 'y': 1, 'width': 1, 'height': 1, 'x2': 0, 'y2': 0, 'width2': 1, 'height2': 1, 'rotation_x': 0, 'rotation_y': 0, 'rotation_angle': 0, 'decal': False, 'ghost': False, 'stepped': False, 'nub': False, 'profile': '', 'sm': 'cherry', 'sb': 'gateron', 'st': 'KS-3-Yellow'}, {'color': '#cccccc', 'labels': ['1,3'], 'textColor': ['', ''], 'textSize': [], 'default': {'textColor': '#424242', 'textSize': 3}, 'x': 3, 'y': 1, 'width': 1, 'height': 1, 'x2': 0, 'y2': 0, 'width2': 1, 'height2': 1, 'rotation_x': 0, 'rotation_y': 0, 'rotation_angle': 0, 'decal': False, 'ghost': False, 'stepped': False, 'nub': False, 'profile': '', 'sm': 'cherry', 'sb': 'gateron', 'st': 'KS-3-Yellow'}, {'color': '#cccccc', 'labels': ['1,4'], 'textColor': ['', ''], 'textSize': [], 'default': {'textColor': '#424242', 'textSize': 3}, 'x': 4, 'y': 1, 'width': 1, 'height': 1, 'x2': 0, 'y2': 0, 'width2': 1, 'height2': 1, 'rotation_x': 0, 'rotation_y': 0, 'rotation_angle': 0, 'decal': False, 'ghost': False, 'stepped': False, 'nub': False, 'profile': '', 'sm': 'cherry', 'sb': 'gateron', 'st': 'KS-3-Yellow'}, {'color': '#cccccc', 'labels': ['1,5'], 'textColor': ['', ''], 'textSize': [], 'default': {'textColor': '#424242', 'textSize': 3}, 'x': 5, 'y': 1, 'width': 1, 'height': 1, 'x2': 0, 'y2': 0, 'width2': 1, 'height2': 1, 'rotation_x': 0, 'rotation_y': 0, 'rotation_angle': 0, 'decal': False, 'ghost': False, 'stepped': False, 'nub': False, 'profile': '', 'sm': 'cherry', 'sb': 'gateron', 'st': 'KS-3-Yellow'}, {'color': '#cccccc', 'labels': ['1,6'], 'textColor': ['', ''], 'textSize': [], 'default': {'textColor': '#424242', 'textSize': 3}, 'x': 6, 'y': 1, 'width': 1, 'height': 1, 'x2': 0, 'y2': 0, 'width2': 1, 'height2': 1, 'rotation_x': 0, 'rotation_y': 0, 'rotation_angle': 0, 'decal': False, 'ghost': False, 'stepped': False, 'nub': False, 'profile': '', 'sm': 'cherry', 'sb': 'gateron', 'st': 'KS-3-Yellow'}, {'color': '#cccccc', 'labels': ['1,7'], 'textColor': ['', ''], 'textSize': [], 'default': {'textColor': '#424242', 'textSize': 3}, 'x': 7, 'y': 1, 'width': 1, 'height': 1, 'x2': 0, 'y2': 0, 'width2': 1, 'height2': 1, 'rotation_x': 0, 'rotation_y': 0, 'rotation_angle': 0, 'decal': False, 'ghost': False, 'stepped': False, 'nub': False, 'profile': '', 'sm': 'cherry', 'sb': 'gateron', 'st': 'KS-3-Yellow'}, {'color': '#cccccc', 'labels': ['1,8'], 'textColor': ['', ''], 'textSize': [], 'default': {'textColor': '#424242', 'textSize': 3}, 'x': 8, 'y': 1, 'width': 1, 'height': 1, 'x2': 0, 'y2': 0, 'width2': 1, 'height2': 1, 'rotation_x': 0, 'rotation_y': 0, 'rotation_angle': 0, 'decal': False, 'ghost': False, 'stepped': False, 'nub': False, 'profile': '', 'sm': 'cherry', 'sb': 'gateron', 'st': 'KS-3-Yellow'}, {'color': '#cccccc', 'labels': ['1,9'], 'textColor': ['', ''], 'textSize': [], 'default': {'textColor': '#424242', 'textSize': 3}, 'x': 9, 'y': 1, 'width': 1, 'height': 1, 'x2': 0, 'y2': 0, 'width2': 1, 'height2': 1, 'rotation_x': 0, 'rotation_y': 0, 'rotation_angle': 0, 'decal': False, 'ghost': False, 'stepped': False, 'nub': False, 'profile': '', 'sm': 'cherry', 'sb': 'gateron', 'st': 'KS-3-Yellow'}, {'color': '#cccccc', 'labels': ['1,10'], 'textColor': ['', ''], 'textSize': [], 'default': {'textColor': '#424242', 'textSize': 3}, 'x': 10, 'y': 1, 'width': 1, 'height': 1, 'x2': 0, 'y2': 0, 'width2': 1, 'height2': 1, 'rotation_x': 0, 'rotation_y': 0, 'rotation_angle': 0, 'decal': False, 'ghost': False, 'stepped': False, 'nub': False, 'profile': '', 'sm': 'cherry', 'sb': 'gateron', 'st': 'KS-3-Yellow'}, {'color': '#cccccc', 'labels': ['1,11'], 'textColor': ['', ''], 'textSize': [], 'default': {'textColor': '#424242', 'textSize': 3}, 'x': 11, 'y': 1, 'width': 1, 'height': 1, 'x2': 0, 'y2': 0, 'width2': 1, 'height2': 1, 'rotation_x': 0, 'rotation_y': 0, 'rotation_angle': 0, 'decal': False, 'ghost': False, 'stepped': False, 'nub': False, 'profile': '', 'sm': 'cherry', 'sb': 'gateron', 'st': 'KS-3-Yellow'}, {'color': '#cccccc', 'labels': ['1,12'], 'textColor': ['', ''], 'textSize': [], 'default': {'textColor': '#424242', 'textSize': 3}, 'x': 12, 'y': 1, 'width': 1, 'height': 1, 'x2': 0, 'y2': 0, 'width2': 1, 'height2': 1, 'rotation_x': 0, 'rotation_y': 0, 'rotation_angle': 0, 'decal': False, 'ghost': False, 'stepped': False, 'nub': False, 'profile': '', 'sm': 'cherry', 'sb': 'gateron', 'st': 'KS-3-Yellow'}, {'color': '#cccccc', 'labels': ['1,13'], 'textColor': ['', ''], 'textSize': [], 'default': {'textColor': '#424242', 'textSize': 3}, 'x': 13, 'y': 1, 'width': 1, 'height': 1, 'x2': 0, 'y2': 0, 'width2': 1, 'height2': 1, 'rotation_x': 0, 'rotation_y': 0, 'rotation_angle': 0, 'decal': False, 'ghost': False, 'stepped': False, 'nub': False, 'profile': '', 'sm': 'cherry', 'sb': 'gateron', 'st': 'KS-3-Yellow'}, {'color': '#cccccc', 'labels': ['2,0'], 'textColor': ['', ''], 'textSize': [], 'default': {'textColor': '#424242', 'textSize': 3}, 'x': 0, 'y': 2, 'width': 1, 'height': 1, 'x2': 0, 'y2': 0, 'width2': 1, 'height2': 1, 'rotation_x': 0, 'rotation_y': 0, 'rotation_angle': 0, 'decal': False, 'ghost': False, 'stepped': False, 'nub': False, 'profile': '', 'sm': 'cherry', 'sb': 'gateron', 'st': 'KS-3-Yellow'}, {'color': '#cccccc', 'labels': ['2,1'], 'textColor': ['', ''], 'textSize': [], 'default': {'textColor': '#424242', 'textSize': 3}, 'x': 1, 'y': 2, 'width': 1, 'height': 1, 'x2': 0, 'y2': 0, 'width2': 1, 'height2': 1, 'rotation_x': 0, 'rotation_y': 0, 'rotation_angle': 0, 'decal': False, 'ghost': False, 'stepped': False, 'nub': False, 'profile': '', 'sm': 'cherry', 'sb': 'gateron', 'st': 'KS-3-Yellow'}, {'color': '#cccccc', 'labels': ['2,2'], 'textColor': ['', ''], 'textSize': [], 'default': {'textColor': '#424242', 'textSize': 3}, 'x': 2, 'y': 2, 'width': 1, 'height': 1, 'x2': 0, 'y2': 0, 'width2': 1, 'height2': 1, 'rotation_x': 0, 'rotation_y': 0, 'rotation_angle': 0, 'decal': False, 'ghost': False, 'stepped': False, 'nub': False, 'profile': '', 'sm': 'cherry', 'sb': 'gateron', 'st': 'KS-3-Yellow'}, {'color': '#cccccc', 'labels': ['2,3'], 'textColor': ['', ''], 'textSize': [], 'default': {'textColor': '#424242', 'textSize': 3}, 'x': 3, 'y': 2, 'width': 1, 'height': 1, 'x2': 0, 'y2': 0, 'width2': 1, 'height2': 1, 'rotation_x': 0, 'rotation_y': 0, 'rotation_angle': 0, 'decal': False, 'ghost': False, 'stepped': False, 'nub': False, 'profile': '', 'sm': 'cherry', 'sb': 'gateron', 'st': 'KS-3-Yellow'}, {'color': '#cccccc', 'labels': ['2,4'], 'textColor': ['', ''], 'textSize': [], 'default': {'textColor': '#424242', 'textSize': 3}, 'x': 4, 'y': 2, 'width': 1, 'height': 1, 'x2': 0, 'y2': 0, 'width2': 1, 'height2': 1, 'rotation_x': 0, 'rotation_y': 0, 'rotation_angle': 0, 'decal': False, 'ghost': False, 'stepped': False, 'nub': False, 'profile': '', 'sm': 'cherry', 'sb': 'gateron', 'st': 'KS-3-Yellow'}, {'color': '#cccccc', 'labels': ['2,5'], 'textColor': ['', ''], 'textSize': [], 'default': {'textColor': '#424242', 'textSize': 3}, 'x': 5, 'y': 2, 'width': 1, 'height': 1, 'x2': 0, 'y2': 0, 'width2': 1, 'height2': 1, 'rotation_x': 0, 'rotation_y': 0, 'rotation_angle': 0, 'decal': False, 'ghost': False, 'stepped': False, 'nub': False, 'profile': '', 'sm': 'cherry', 'sb': 'gateron', 'st': 'KS-3-Yellow'}, {'color': '#cccccc', 'labels': ['2,6'], 'textColor': ['', ''], 'textSize': [], 'default': {'textColor': '#424242', 'textSize': 3}, 'x': 6, 'y': 2, 'width': 1, 'height': 1, 'x2': 0, 'y2': 0, 'width2': 1, 'height2': 1, 'rotation_x': 0, 'rotation_y': 0, 'rotation_angle': 0, 'decal': False, 'ghost': False, 'stepped': False, 'nub': False, 'profile': '', 'sm': 'cherry', 'sb': 'gateron', 'st': 'KS-3-Yellow'}, {'color': '#cccccc', 'labels': ['2,7'], 'textColor': ['', ''], 'textSize': [], 'default': {'textColor': '#424242', 'textSize': 3}, 'x': 7, 'y': 2, 'width': 1, 'height': 1, 'x2': 0, 'y2': 0, 'width2': 1, 'height2': 1, 'rotation_x': 0, 'rotation_y': 0, 'rotation_angle': 0, 'decal': False, 'ghost': False, 'stepped': False, 'nub': False, 'profile': '', 'sm': 'cherry', 'sb': 'gateron', 'st': 'KS-3-Yellow'}, {'color': '#cccccc', 'labels': ['2,8'], 'textColor': ['', ''], 'textSize': [], 'default': {'textColor': '#424242', 'textSize': 3}, 'x': 8, 'y': 2, 'width': 1, 'height': 1, 'x2': 0, 'y2': 0, 'width2': 1, 'height2': 1, 'rotation_x': 0, 'rotation_y': 0, 'rotation_angle': 0, 'decal': False, 'ghost': False, 'stepped': False, 'nub': False, 'profile': '', 'sm': 'cherry', 'sb': 'gateron', 'st': 'KS-3-Yellow'}, {'color': '#cccccc', 'labels': ['2,9'], 'textColor': ['', ''], 'textSize': [], 'default': {'textColor': '#424242', 'textSize': 3}, 'x': 9, 'y': 2, 'width': 1, 'height': 1, 'x2': 0, 'y2': 0, 'width2': 1, 'height2': 1, 'rotation_x': 0, 'rotation_y': 0, 'rotation_angle': 0, 'decal': False, 'ghost': False, 'stepped': False, 'nub': False, 'profile': '', 'sm': 'cherry', 'sb': 'gateron', 'st': 'KS-3-Yellow'}, {'color': '#cccccc', 'labels': ['2,10'], 'textColor': ['', ''], 'textSize': [], 'default': {'textColor': '#424242', 'textSize': 3}, 'x': 10, 'y': 2, 'width': 1, 'height': 1, 'x2': 0, 'y2': 0, 'width2': 1, 'height2': 1, 'rotation_x': 0, 'rotation_y': 0, 'rotation_angle': 0, 'decal': False, 'ghost': False, 'stepped': False, 'nub': False, 'profile': '', 'sm': 'cherry', 'sb': 'gateron', 'st': 'KS-3-Yellow'}, {'color': '#cccccc', 'labels': ['2,11'], 'textColor': ['', ''], 'textSize': [], 'default': {'textColor': '#424242', 'textSize': 3}, 'x': 11, 'y': 2, 'width': 1, 'height': 1, 'x2': 0, 'y2': 0, 'width2': 1, 'height2': 1, 'rotation_x': 0, 'rotation_y': 0, 'rotation_angle': 0, 'decal': False, 'ghost': False, 'stepped': False, 'nub': False, 'profile': '', 'sm': 'cherry', 'sb': 'gateron', 'st': 'KS-3-Yellow'}, {'color': '#cccccc', 'labels': ['2,12'], 'textColor': ['', ''], 'textSize': [], 'default': {'textColor': '#424242', 'textSize': 3}, 'x': 12, 'y': 2, 'width': 1, 'height': 1, 'x2': 0, 'y2': 0, 'width2': 1, 'height2': 1, 'rotation_x': 0, 'rotation_y': 0, 'rotation_angle': 0, 'decal': False, 'ghost': False, 'stepped': False, 'nub': False, 'profile': '', 'sm': 'cherry', 'sb': 'gateron', 'st': 'KS-3-Yellow'}, {'color': '#cccccc', 'labels': ['2,13'], 'textColor': ['', ''], 'textSize': [], 'default': {'textColor': '#424242', 'textSize': 3}, 'x': 13, 'y': 2, 'width': 1, 'height': 1, 'x2': 0, 'y2': 0, 'width2': 1, 'height2': 1, 'rotation_x': 0, 'rotation_y': 0, 'rotation_angle': 0, 'decal': False, 'ghost': False, 'stepped': False, 'nub': False, 'profile': '', 'sm': 'cherry', 'sb': 'gateron', 'st': 'KS-3-Yellow'}, {'color': '#cccccc', 'labels': ['3,0'], 'textColor': ['', ''], 'textSize': [], 'default': {'textColor': '#424242', 'textSize': 3}, 'x': 0, 'y': 3, 'width': 1, 'height': 1, 'x2': 0, 'y2': 0, 'width2': 1, 'height2': 1, 'rotation_x': 0, 'rotation_y': 0, 'rotation_angle': 0, 'decal': False, 'ghost': False, 'stepped': False, 'nub': False, 'profile': '', 'sm': 'cherry', 'sb': 'gateron', 'st': 'KS-3-Yellow'}, {'color': '#cccccc', 'labels': ['3,1'], 'textColor': ['', ''], 'textSize': [], 'default': {'textColor': '#424242', 'textSize': 3}, 'x': 1, 'y': 3, 'width': 1, 'height': 1, 'x2': 0, 'y2': 0, 'width2': 1, 'height2': 1, 'rotation_x': 0, 'rotation_y': 0, 'rotation_angle': 0, 'decal': False, 'ghost': False, 'stepped': False, 'nub': False, 'profile': '', 'sm': 'cherry', 'sb': 'gateron', 'st': 'KS-3-Yellow'}, {'color': '#cccccc', 'labels': ['3,2'], 'textColor': ['', ''], 'textSize': [], 'default': {'textColor': '#424242', 'textSize': 3}, 'x': 2, 'y': 3, 'width': 1, 'height': 1, 'x2': 0, 'y2': 0, 'width2': 1, 'height2': 1, 'rotation_x': 0, 'rotation_y': 0, 'rotation_angle': 0, 'decal': False, 'ghost': False, 'stepped': False, 'nub': False, 'profile': '', 'sm': 'cherry', 'sb': 'gateron', 'st': 'KS-3-Yellow'}, {'color': '#cccccc', 'labels': ['3,3'], 'textColor': ['', ''], 'textSize': [], 'default': {'textColor': '#424242', 'textSize': 3}, 'x': 3, 'y': 3, 'width': 1, 'height': 1, 'x2': 0, 'y2': 0, 'width2': 1, 'height2': 1, 'rotation_x': 0, 'rotation_y': 0, 'rotation_angle': 0, 'decal': False, 'ghost': False, 'stepped': False, 'nub': False, 'profile': '', 'sm': 'cherry', 'sb': 'gateron', 'st': 'KS-3-Yellow'}, {'color': '#cccccc', 'labels': ['3,4'], 'textColor': ['', ''], 'textSize': [], 'default': {'textColor': '#424242', 'textSize': 3}, 'x': 4, 'y': 3, 'width': 1, 'height': 1, 'x2': 0, 'y2': 0, 'width2': 1, 'height2': 1, 'rotation_x': 0, 'rotation_y': 0, 'rotation_angle': 0, 'decal': False, 'ghost': False, 'stepped': False, 'nub': False, 'profile': '', 'sm': 'cherry', 'sb': 'gateron', 'st': 'KS-3-Yellow'}, {'color': '#cccccc', 'labels': ['3,5'], 'textColor': ['', ''], 'textSize': [], 'default': {'textColor': '#424242', 'textSize': 3}, 'x': 5, 'y': 3, 'width': 1, 'height': 1, 'x2': 0, 'y2': 0, 'width2': 1, 'height2': 1, 'rotation_x': 0, 'rotation_y': 0, 'rotation_angle': 0, 'decal': False, 'ghost': False, 'stepped': False, 'nub': False, 'profile': '', 'sm': 'cherry', 'sb': 'gateron', 'st': 'KS-3-Yellow'}, {'color': '#cccccc', 'labels': ['3,6'], 'textColor': ['', ''], 'textSize': [], 'default': {'textColor': '#424242', 'textSize': 3}, 'x': 6, 'y': 3, 'width': 1, 'height': 1, 'x2': 0, 'y2': 0, 'width2': 1, 'height2': 1, 'rotation_x': 0, 'rotation_y': 0, 'rotation_angle': 0, 'decal': False, 'ghost': False, 'stepped': False, 'nub': False, 'profile': '', 'sm': 'cherry', 'sb': 'gateron', 'st': 'KS-3-Yellow'}, {'color': '#cccccc', 'labels': ['3,7'], 'textColor': ['', ''], 'textSize': [], 'default': {'textColor': '#424242', 'textSize': 3}, 'x': 7, 'y': 3, 'width': 1, 'height': 1, 'x2': 0, 'y2': 0, 'width2': 1, 'height2': 1, 'rotation_x': 0, 'rotation_y': 0, 'rotation_angle': 0, 'decal': False, 'ghost': False, 'stepped': False, 'nub': False, 'profile': '', 'sm': 'cherry', 'sb': 'gateron', 'st': 'KS-3-Yellow'}, {'color': '#cccccc', 'labels': ['3,8'], 'textColor': ['', ''], 'textSize': [], 'default': {'textColor': '#424242', 'textSize': 3}, 'x': 8, 'y': 3, 'width': 1, 'height': 1, 'x2': 0, 'y2': 0, 'width2': 1, 'height2': 1, 'rotation_x': 0, 'rotation_y': 0, 'rotation_angle': 0, 'decal': False, 'ghost': False, 'stepped': False, 'nub': False, 'profile': '', 'sm': 'cherry', 'sb': 'gateron', 'st': 'KS-3-Yellow'}, {'color': '#cccccc', 'labels': ['3,9'], 'textColor': ['', ''], 'textSize': [], 'default': {'textColor': '#424242', 'textSize': 3}, 'x': 9, 'y': 3, 'width': 1, 'height': 1, 'x2': 0, 'y2': 0, 'width2': 1, 'height2': 1, 'rotation_x': 0, 'rotation_y': 0, 'rotation_angle': 0, 'decal': False, 'ghost': False, 'stepped': False, 'nub': False, 'profile': '', 'sm': 'cherry', 'sb': 'gateron', 'st': 'KS-3-Yellow'}, {'color': '#cccccc', 'labels': ['3,10'], 'textColor': ['', ''], 'textSize': [], 'default': {'textColor': '#424242', 'textSize': 3}, 'x': 10, 'y': 3, 'width': 1, 'height': 1, 'x2': 0, 'y2': 0, 'width2': 1, 'height2': 1, 'rotation_x': 0, 'rotation_y': 0, 'rotation_angle': 0, 'decal': False, 'ghost': False, 'stepped': False, 'nub': False, 'profile': '', 'sm': 'cherry', 'sb': 'gateron', 'st': 'KS-3-Yellow'}, {'color': '#cccccc', 'labels': ['3,11'], 'textColor': ['', ''], 'textSize': [], 'default': {'textColor': '#424242', 'textSize': 3}, 'x': 11, 'y': 3, 'width': 1, 'height': 1, 'x2': 0, 'y2': 0, 'width2': 1, 'height2': 1, 'rotation_x': 0, 'rotation_y': 0, 'rotation_angle': 0, 'decal': False, 'ghost': False, 'stepped': False, 'nub': False, 'profile': '', 'sm': 'cherry', 'sb': 'gateron', 'st': 'KS-3-Yellow'}, {'color': '#cccccc', 'labels': ['3,12'], 'textColor': ['', ''], 'textSize': [0, 0, 0, 0, 9], 'default': {'textColor': '#424242', 'textSize': 3}, 'x': 12, 'y': 3, 'width': 1, 'height': 1, 'x2': 0, 'y2': 0, 'width2': 1, 'height2': 1, 'rotation_x': 0, 'rotation_y': 0, 'rotation_angle': 0, 'decal': False, 'ghost': False, 'stepped': False, 'nub': False, 'profile': '', 'sm': 'cherry', 'sb': 'gateron', 'st': 'KS-3-Yellow'}, {'color': '#cccccc', 'labels': ['3,13'], 'textColor': ['', ''], 'textSize': [0, 0], 'default': {'textColor': '#424242', 'textSize': 3}, 'x': 13, 'y': 3, 'width': 1, 'height': 1, 'x2': 0, 'y2': 0, 'width2': 1, 'height2': 1, 'rotation_x': 0, 'rotation_y': 0, 'rotation_angle': 0, 'decal': False, 'ghost': False, 'stepped': False, 'nub': False, 'profile': '', 'sm': 'cherry', 'sb': 'gateron', 'st': 'KS-3-Yellow'}, {'color': '#cccccc', 'labels': ['4,0'], 'textColor': ['', ''], 'textSize': [0, 0], 'default': {'textColor': '#424242', 'textSize': 3}, 'x': 0, 'y': 4, 'width': 1, 'height': 1, 'x2': 0, 'y2': 0, 'width2': 1, 'height2': 1, 'rotation_x': 0, 'rotation_y': 0, 'rotation_angle': 0, 'decal': False, 'ghost': False, 'stepped': False, 'nub': False, 'profile': '', 'sm': 'cherry', 'sb': 'gateron', 'st': 'KS-3-Yellow'}, {'color': '#cccccc', 'labels': ['4,1'], 'textColor': ['', ''], 'textSize': [0, 0], 'default': {'textColor': '#424242', 'textSize': 3}, 'x': 1, 'y': 4, 'width': 1, 'height': 1, 'x2': 0, 'y2': 0, 'width2': 1, 'height2': 1, 'rotation_x': 0, 'rotation_y': 0, 'rotation_angle': 0, 'decal': False, 'ghost': False, 'stepped': False, 'nub': False, 'profile': '', 'sm': 'cherry', 'sb': 'gateron', 'st': 'KS-3-Yellow'}, {'color': '#cccccc', 'labels': ['4,2'], 'textColor': ['', ''], 'textSize': [0, 0], 'default': {'textColor': '#424242', 'textSize': 3}, 'x': 2, 'y': 4, 'width': 1, 'height': 1, 'x2': 0, 'y2': 0, 'width2': 1, 'height2': 1, 'rotation_x': 0, 'rotation_y': 0, 'rotation_angle': 0, 'decal': False, 'ghost': False, 'stepped': False, 'nub': False, 'profile': '', 'sm': 'cherry', 'sb': 'gateron', 'st': 'KS-3-Yellow'}, {'color': '#cccccc', 'labels': ['4,3'], 'textColor': ['', ''], 'textSize': [0, 0], 'default': {'textColor': '#424242', 'textSize': 3}, 'x': 3, 'y': 4, 'width': 1, 'height': 1, 'x2': 0, 'y2': 0, 'width2': 1, 'height2': 1, 'rotation_x': 0, 'rotation_y': 0, 'rotation_angle': 0, 'decal': False, 'ghost': False, 'stepped': False, 'nub': False, 'profile': '', 'sm': 'cherry', 'sb': 'gateron', 'st': 'KS-3-Yellow'}, {'color': '#cccccc', 'labels': ['4,5'], 'textColor': ['', ''], 'textSize': [0, 0, 0, 0, 0], 'default': {'textColor': '#424242', 'textSize': 3}, 'x': 4, 'y': 4, 'width': 3, 'height': 1, 'x2': 0, 'y2': 0, 'width2': 3, 'height2': 1, 'rotation_x': 0, 'rotation_y': 0, 'rotation_angle': 0, 'decal': False, 'ghost': False, 'stepped': False, 'nub': False, 'profile': '', 'sm': 'cherry', 'sb': 'gateron', 'st': 'KS-3-Yellow'}, {'color': '#cccccc', 'labels': ['4,8'], 'textColor': ['', ''], 'textSize': [0, 0, 0, 0, 0], 'default': {'textColor': '#424242', 'textSize': 3}, 'x': 7, 'y': 4, 'width': 3, 'height': 1, 'x2': 0, 'y2': 0, 'width2': 3, 'height2': 1, 'rotation_x': 0, 'rotation_y': 0, 'rotation_angle': 0, 'decal': False, 'ghost': False, 'stepped': False, 'nub': False, 'profile': '', 'sm': 'cherry', 'sb': 'gateron', 'st': 'KS-3-Yellow'}, {'color': '#cccccc', 'labels': ['4,10'], 'textColor': ['', ''], 'textSize': [0, 0], 'default': {'textColor': '#424242', 'textSize': 3}, 'x': 10, 'y': 4, 'width': 1, 'height': 1, 'x2': 0, 'y2': 0, 'width2': 1, 'height2': 1, 'rotation_x': 0, 'rotation_y': 0, 'rotation_angle': 0, 'decal': False, 'ghost': False, 'stepped': False, 'nub': False, 'profile': '', 'sm': 'cherry', 'sb': 'gateron', 'st': 'KS-3-Yellow'}, {'color': '#cccccc', 'labels': ['4,11'], 'textColor': ['', ''], 'textSize': [0, 0, 0, 0, 0, 9], 'default': {'textColor': '#424242', 'textSize': 3}, 'x': 11, 'y': 4, 'width': 1, 'height': 1, 'x2': 0, 'y2': 0, 'width2': 1, 'height2': 1, 'rotation_x': 0, 'rotation_y': 0, 'rotation_angle': 0, 'decal': False, 'ghost': False, 'stepped': False, 'nub': False, 'profile': '', 'sm': 'cherry', 'sb': 'gateron', 'st': 'KS-3-Yellow'}, {'color': '#cccccc', 'labels': ['4,12'], 'textColor': ['', ''], 'textSize': [0, 0, 0, 0, 9], 'default': {'textColor': '#424242', 'textSize': 3}, 'x': 12, 'y': 4, 'width': 1, 'height': 1, 'x2': 0, 'y2': 0, 'width2': 1, 'height2': 1, 'rotation_x': 0, 'rotation_y': 0, 'rotation_angle': 0, 'decal': False, 'ghost': False, 'stepped': False, 'nub': False, 'profile': '', 'sm': 'cherry', 'sb': 'gateron', 'st': 'KS-3-Yellow'}, {'color': '#cccccc', 'labels': ['4,13'], 'textColor': ['', ''], 'textSize': [0, 0, 0, 9, 0, 0], 'default': {'textColor': '#424242', 'textSize': 3}, 'x': 13, 'y': 4, 'width': 1, 'height': 1, 'x2': 0, 'y2': 0, 'width2': 1, 'height2': 1, 'rotation_x': 0, 'rotation_y': 0, 'rotation_angle': 0, 'decal': False, 'ghost': False, 'stepped': False, 'nub': False, 'profile': '', 'sm': 'cherry', 'sb': 'gateron', 'st': 'KS-3-Yellow'}]}
21:31:37: Searching for SW1 module
21:31:37: Setting SW1 module position: (34525000, 34525000)
21:31:37: Searching for D1 module
21:31:37: Setting D1 module position: (39605000, 37555000)
21:31:37: Routing SW1 with D1
21:31:37: switchPadPosition: (37065000, 29445000), diodePadPosition: (39605000, 36455000)
21:31:37: Adding track segment (B.Cu): [(39605000, 36455000), (37065000, 33915000)]
21:31:37: Adding track segment (B.Cu): [(37065000, 33915000), (37065000, 29445000)]
21:31:37: Searching for SW2 module
21:31:37: Setting SW2 module position: (53575000, 34525000)
21:31:37: Searching for D2 module
21:31:37: Setting D2 module position: (58655000, 37555000)
21:31:37: Routing SW2 with D2
21:31:37: switchPadPosition: (56115000, 29445000), diodePadPosition: (58655000, 36455000)
21:31:37: Adding track segment (B.Cu): [(58655000, 36455000), (56115000, 33915000)]
21:31:37: Adding track segment (B.Cu): [(56115000, 33915000), (56115000, 29445000)]
21:31:37: Searching for SW3 module
21:31:37: Setting SW3 module position: (72625000, 34525000)
21:31:37: Searching for D3 module
21:31:37: Setting D3 module position: (77705000, 37555000)
21:31:37: Routing SW3 with D3
21:31:37: switchPadPosition: (75165000, 29445000), diodePadPosition: (77705000, 36455000)
21:31:37: Adding track segment (B.Cu): [(77705000, 36455000), (75165000, 33915000)]
21:31:37: Adding track segment (B.Cu): [(75165000, 33915000), (75165000, 29445000)]
21:31:37: Searching for SW4 module
21:31:37: Setting SW4 module position: (91675000, 34525000)
21:31:37: Searching for D4 module
21:31:37: Setting D4 module position: (96755000, 37555000)
21:31:37: Routing SW4 with D4
21:31:37: switchPadPosition: (94215000, 29445000), diodePadPosition: (96755000, 36455000)
21:31:37: Adding track segment (B.Cu): [(96755000, 36455000), (94215000, 33915000)]
21:31:37: Adding track segment (B.Cu): [(94215000, 33915000), (94215000, 29445000)]
21:31:37: Searching for SW5 module
21:31:37: Setting SW5 module position: (110725000, 34525000)
21:31:37: Searching for D5 module
21:31:37: Setting D5 module position: (115805000, 37555000)
21:31:37: Routing SW5 with D5
21:31:37: switchPadPosition: (113265000, 29445000), diodePadPosition: (115805000, 36455000)
21:31:37: Adding track segment (B.Cu): [(115805000, 36455000), (113265000, 33915000)]
21:31:37: Adding track segment (B.Cu): [(113265000, 33915000), (113265000, 29445000)]
21:31:37: Searching for SW6 module
21:31:37: Setting SW6 module position: (129775000, 34525000)
21:31:37: Searching for D6 module
21:31:37: Setting D6 module position: (134855000, 37555000)
21:31:37: Routing SW6 with D6
21:31:37: switchPadPosition: (132315000, 29445000), diodePadPosition: (134855000, 36455000)
21:31:37: Adding track segment (B.Cu): [(134855000, 36455000), (132315000, 33915000)]
21:31:37: Adding track segment (B.Cu): [(132315000, 33915000), (132315000, 29445000)]
21:31:37: Searching for SW7 module
21:31:37: Setting SW7 module position: (148825000, 34525000)
21:31:37: Searching for D7 module
21:31:37: Setting D7 module position: (153905000, 37555000)
21:31:37: Routing SW7 with D7
21:31:37: switchPadPosition: (151365000, 29445000), diodePadPosition: (153905000, 36455000)
21:31:37: Adding track segment (B.Cu): [(153905000, 36455000), (151365000, 33915000)]
21:31:37: Adding track segment (B.Cu): [(151365000, 33915000), (151365000, 29445000)]
21:31:37: Searching for SW8 module
21:31:37: Setting SW8 module position: (167875000, 34525000)
21:31:37: Searching for D8 module
21:31:37: Setting D8 module position: (172955000, 37555000)
21:31:37: Routing SW8 with D8
21:31:37: switchPadPosition: (170415000, 29445000), diodePadPosition: (172955000, 36455000)
21:31:37: Adding track segment (B.Cu): [(172955000, 36455000), (170415000, 33915000)]
21:31:37: Adding track segment (B.Cu): [(170415000, 33915000), (170415000, 29445000)]
21:31:37: Searching for SW9 module
21:31:37: Setting SW9 module position: (186925000, 34525000)
21:31:37: Searching for D9 module
21:31:37: Setting D9 module position: (192005000, 37555000)
21:31:37: Routing SW9 with D9
21:31:37: switchPadPosition: (189465000, 29445000), diodePadPosition: (192005000, 36455000)
21:31:37: Adding track segment (B.Cu): [(192005000, 36455000), (189465000, 33915000)]
21:31:37: Adding track segment (B.Cu): [(189465000, 33915000), (189465000, 29445000)]
21:31:37: Searching for SW10 module
21:31:37: Setting SW10 module position: (205975000, 34525000)
21:31:37: Searching for D10 module
21:31:37: Setting D10 module position: (211055000, 37555000)
21:31:37: Routing SW10 with D10
21:31:37: switchPadPosition: (208515000, 29445000), diodePadPosition: (211055000, 36455000)
21:31:37: Adding track segment (B.Cu): [(211055000, 36455000), (208515000, 33915000)]
21:31:37: Adding track segment (B.Cu): [(208515000, 33915000), (208515000, 29445000)]
21:31:37: Searching for SW11 module
21:31:37: Setting SW11 module position: (225025000, 34525000)
21:31:37: Searching for D11 module
21:31:37: Setting D11 module position: (230105000, 37555000)
21:31:37: Routing SW11 with D11
21:31:37: switchPadPosition: (227565000, 29445000), diodePadPosition: (230105000, 36455000)
21:31:37: Adding track segment (B.Cu): [(230105000, 36455000), (227565000, 33915000)]
21:31:37: Adding track segment (B.Cu): [(227565000, 33915000), (227565000, 29445000)]
21:31:37: Searching for SW12 module
21:31:37: Setting SW12 module position: (244075000, 34525000)
21:31:37: Searching for D12 module
21:31:37: Setting D12 module position: (249155000, 37555000)
21:31:37: Routing SW12 with D12
21:31:37: switchPadPosition: (246615000, 29445000), diodePadPosition: (249155000, 36455000)
21:31:37: Adding track segment (B.Cu): [(249155000, 36455000), (246615000, 33915000)]
21:31:37: Adding track segment (B.Cu): [(246615000, 33915000), (246615000, 29445000)]
21:31:37: Searching for SW13 module
21:31:37: Setting SW13 module position: (263125000, 34525000)
21:31:37: Searching for D13 module
21:31:37: Setting D13 module position: (268205000, 37555000)
21:31:37: Routing SW13 with D13
21:31:37: switchPadPosition: (265665000, 29445000), diodePadPosition: (268205000, 36455000)
21:31:37: Adding track segment (B.Cu): [(268205000, 36455000), (265665000, 33915000)]
21:31:37: Adding track segment (B.Cu): [(265665000, 33915000), (265665000, 29445000)]
21:31:37: Searching for SW14 module
21:31:37: Setting SW14 module position: (282175000, 34525000)
21:31:37: Searching for D14 module
21:31:37: Setting D14 module position: (287255000, 37555000)
21:31:37: Routing SW14 with D14
21:31:37: switchPadPosition: (284715000, 29445000), diodePadPosition: (287255000, 36455000)
21:31:37: Adding track segment (B.Cu): [(287255000, 36455000), (284715000, 33915000)]
21:31:37: Adding track segment (B.Cu): [(284715000, 33915000), (284715000, 29445000)]
21:31:37: Searching for SW15 module
21:31:37: Setting SW15 module position: (34525000, 53575000)
21:31:37: Searching for D15 module
21:31:37: Setting D15 module position: (39605000, 56605000)
21:31:37: Routing SW15 with D15
21:31:37: switchPadPosition: (37065000, 48495000), diodePadPosition: (39605000, 55505000)
21:31:37: Adding track segment (B.Cu): [(39605000, 55505000), (37065000, 52965000)]
21:31:37: Adding track segment (B.Cu): [(37065000, 52965000), (37065000, 48495000)]
21:31:37: Searching for SW16 module
21:31:37: Setting SW16 module position: (53575000, 53575000)
21:31:37: Searching for D16 module
21:31:37: Setting D16 module position: (58655000, 56605000)
21:31:37: Routing SW16 with D16
21:31:37: switchPadPosition: (56115000, 48495000), diodePadPosition: (58655000, 55505000)
21:31:37: Adding track segment (B.Cu): [(58655000, 55505000), (56115000, 52965000)]
21:31:37: Adding track segment (B.Cu): [(56115000, 52965000), (56115000, 48495000)]
21:31:37: Searching for SW17 module
21:31:37: Setting SW17 module position: (72625000, 53575000)
21:31:37: Searching for D17 module
21:31:37: Setting D17 module position: (77705000, 56605000)
21:31:37: Routing SW17 with D17
21:31:37: switchPadPosition: (75165000, 48495000), diodePadPosition: (77705000, 55505000)
21:31:37: Adding track segment (B.Cu): [(77705000, 55505000), (75165000, 52965000)]
21:31:37: Adding track segment (B.Cu): [(75165000, 52965000), (75165000, 48495000)]
21:31:37: Searching for SW18 module
21:31:37: Setting SW18 module position: (91675000, 53575000)
21:31:37: Searching for D18 module
21:31:37: Setting D18 module position: (96755000, 56605000)
21:31:37: Routing SW18 with D18
21:31:37: switchPadPosition: (94215000, 48495000), diodePadPosition: (96755000, 55505000)
21:31:37: Adding track segment (B.Cu): [(96755000, 55505000), (94215000, 52965000)]
21:31:37: Adding track segment (B.Cu): [(94215000, 52965000), (94215000, 48495000)]
21:31:37: Searching for SW19 module
21:31:37: Setting SW19 module position: (110725000, 53575000)
21:31:37: Searching for D19 module
21:31:37: Setting D19 module position: (115805000, 56605000)
21:31:37: Routing SW19 with D19
21:31:37: switchPadPosition: (113265000, 48495000), diodePadPosition: (115805000, 55505000)
21:31:37: Adding track segment (B.Cu): [(115805000, 55505000), (113265000, 52965000)]
21:31:37: Adding track segment (B.Cu): [(113265000, 52965000), (113265000, 48495000)]
21:31:37: Searching for SW20 module
21:31:37: Setting SW20 module position: (129775000, 53575000)
21:31:37: Searching for D20 module
21:31:37: Setting D20 module position: (134855000, 56605000)
21:31:37: Routing SW20 with D20
21:31:37: switchPadPosition: (132315000, 48495000), diodePadPosition: (134855000, 55505000)
21:31:37: Adding track segment (B.Cu): [(134855000, 55505000), (132315000, 52965000)]
21:31:37: Adding track segment (B.Cu): [(132315000, 52965000), (132315000, 48495000)]
21:31:37: Searching for SW21 module
21:31:37: Setting SW21 module position: (148825000, 53575000)
21:31:37: Searching for D21 module
21:31:37: Setting D21 module position: (153905000, 56605000)
21:31:37: Routing SW21 with D21
21:31:37: switchPadPosition: (151365000, 48495000), diodePadPosition: (153905000, 55505000)
21:31:37: Adding track segment (B.Cu): [(153905000, 55505000), (151365000, 52965000)]
21:31:37: Adding track segment (B.Cu): [(151365000, 52965000), (151365000, 48495000)]
21:31:37: Searching for SW22 module
21:31:37: Setting SW22 module position: (167875000, 53575000)
21:31:37: Searching for D22 module
21:31:37: Setting D22 module position: (172955000, 56605000)
21:31:37: Routing SW22 with D22
21:31:37: switchPadPosition: (170415000, 48495000), diodePadPosition: (172955000, 55505000)
21:31:37: Adding track segment (B.Cu): [(172955000, 55505000), (170415000, 52965000)]
21:31:37: Adding track segment (B.Cu): [(170415000, 52965000), (170415000, 48495000)]
21:31:37: Searching for SW23 module
21:31:37: Setting SW23 module position: (186925000, 53575000)
21:31:37: Searching for D23 module
21:31:37: Setting D23 module position: (192005000, 56605000)
21:31:37: Routing SW23 with D23
21:31:37: switchPadPosition: (189465000, 48495000), diodePadPosition: (192005000, 55505000)
21:31:37: Adding track segment (B.Cu): [(192005000, 55505000), (189465000, 52965000)]
21:31:37: Adding track segment (B.Cu): [(189465000, 52965000), (189465000, 48495000)]
21:31:37: Searching for SW24 module
21:31:37: Setting SW24 module position: (205975000, 53575000)
21:31:37: Searching for D24 module
21:31:37: Setting D24 module position: (211055000, 56605000)
21:31:37: Routing SW24 with D24
21:31:37: switchPadPosition: (208515000, 48495000), diodePadPosition: (211055000, 55505000)
21:31:37: Adding track segment (B.Cu): [(211055000, 55505000), (208515000, 52965000)]
21:31:37: Adding track segment (B.Cu): [(208515000, 52965000), (208515000, 48495000)]
21:31:37: Searching for SW25 module
21:31:37: Setting SW25 module position: (225025000, 53575000)
21:31:37: Searching for D25 module
21:31:37: Setting D25 module position: (230105000, 56605000)
21:31:37: Routing SW25 with D25
21:31:37: switchPadPosition: (227565000, 48495000), diodePadPosition: (230105000, 55505000)
21:31:37: Adding track segment (B.Cu): [(230105000, 55505000), (227565000, 52965000)]
21:31:37: Adding track segment (B.Cu): [(227565000, 52965000), (227565000, 48495000)]
21:31:37: Searching for SW26 module
21:31:37: Setting SW26 module position: (244075000, 53575000)
21:31:37: Searching for D26 module
21:31:37: Setting D26 module position: (249155000, 56605000)
21:31:37: Routing SW26 with D26
21:31:37: switchPadPosition: (246615000, 48495000), diodePadPosition: (249155000, 55505000)
21:31:37: Adding track segment (B.Cu): [(249155000, 55505000), (246615000, 52965000)]
21:31:37: Adding track segment (B.Cu): [(246615000, 52965000), (246615000, 48495000)]
21:31:37: Searching for SW27 module
21:31:37: Setting SW27 module position: (263125000, 53575000)
21:31:37: Searching for D27 module
21:31:37: Setting D27 module position: (268205000, 56605000)
21:31:37: Routing SW27 with D27
21:31:37: switchPadPosition: (265665000, 48495000), diodePadPosition: (268205000, 55505000)
21:31:37: Adding track segment (B.Cu): [(268205000, 55505000), (265665000, 52965000)]
21:31:37: Adding track segment (B.Cu): [(265665000, 52965000), (265665000, 48495000)]
21:31:37: Searching for SW28 module
21:31:37: Setting SW28 module position: (282175000, 53575000)
21:31:37: Searching for D28 module
21:31:37: Setting D28 module position: (287255000, 56605000)
21:31:37: Routing SW28 with D28
21:31:37: switchPadPosition: (284715000, 48495000), diodePadPosition: (287255000, 55505000)
21:31:37: Adding track segment (B.Cu): [(287255000, 55505000), (284715000, 52965000)]
21:31:37: Adding track segment (B.Cu): [(284715000, 52965000), (284715000, 48495000)]
21:31:37: Searching for SW29 module
21:31:37: Setting SW29 module position: (34525000, 72625000)
21:31:37: Searching for D29 module
21:31:37: Setting D29 module position: (39605000, 75655000)
21:31:37: Routing SW29 with D29
21:31:37: switchPadPosition: (37065000, 67545000), diodePadPosition: (39605000, 74555000)
21:31:37: Adding track segment (B.Cu): [(39605000, 74555000), (37065000, 72015000)]
21:31:37: Adding track segment (B.Cu): [(37065000, 72015000), (37065000, 67545000)]
21:31:37: Searching for SW30 module
21:31:37: Setting SW30 module position: (53575000, 72625000)
21:31:37: Searching for D30 module
21:31:37: Setting D30 module position: (58655000, 75655000)
21:31:37: Routing SW30 with D30
21:31:37: switchPadPosition: (56115000, 67545000), diodePadPosition: (58655000, 74555000)
21:31:37: Adding track segment (B.Cu): [(58655000, 74555000), (56115000, 72015000)]
21:31:37: Adding track segment (B.Cu): [(56115000, 72015000), (56115000, 67545000)]
21:31:37: Searching for SW31 module
21:31:37: Setting SW31 module position: (72625000, 72625000)
21:31:37: Searching for D31 module
21:31:37: Setting D31 module position: (77705000, 75655000)
21:31:37: Routing SW31 with D31
21:31:37: switchPadPosition: (75165000, 67545000), diodePadPosition: (77705000, 74555000)
21:31:37: Adding track segment (B.Cu): [(77705000, 74555000), (75165000, 72015000)]
21:31:37: Adding track segment (B.Cu): [(75165000, 72015000), (75165000, 67545000)]
21:31:37: Searching for SW32 module
21:31:37: Setting SW32 module position: (91675000, 72625000)
21:31:37: Searching for D32 module
21:31:37: Setting D32 module position: (96755000, 75655000)
21:31:37: Routing SW32 with D32
21:31:37: switchPadPosition: (94215000, 67545000), diodePadPosition: (96755000, 74555000)
21:31:37: Adding track segment (B.Cu): [(96755000, 74555000), (94215000, 72015000)]
21:31:37: Adding track segment (B.Cu): [(94215000, 72015000), (94215000, 67545000)]
21:31:37: Searching for SW33 module
21:31:37: Setting SW33 module position: (110725000, 72625000)
21:31:37: Searching for D33 module
21:31:37: Setting D33 module position: (115805000, 75655000)
21:31:37: Routing SW33 with D33
21:31:37: switchPadPosition: (113265000, 67545000), diodePadPosition: (115805000, 74555000)
21:31:37: Adding track segment (B.Cu): [(115805000, 74555000), (113265000, 72015000)]
21:31:37: Adding track segment (B.Cu): [(113265000, 72015000), (113265000, 67545000)]
21:31:37: Searching for SW34 module
21:31:37: Setting SW34 module position: (129775000, 72625000)
21:31:37: Searching for D34 module
21:31:37: Setting D34 module position: (134855000, 75655000)
21:31:37: Routing SW34 with D34
21:31:37: switchPadPosition: (132315000, 67545000), diodePadPosition: (134855000, 74555000)
21:31:37: Adding track segment (B.Cu): [(134855000, 74555000), (132315000, 72015000)]
21:31:37: Adding track segment (B.Cu): [(132315000, 72015000), (132315000, 67545000)]
21:31:37: Searching for SW35 module
21:31:37: Setting SW35 module position: (148825000, 72625000)
21:31:37: Searching for D35 module
21:31:37: Setting D35 module position: (153905000, 75655000)
21:31:37: Routing SW35 with D35
21:31:37: switchPadPosition: (151365000, 67545000), diodePadPosition: (153905000, 74555000)
21:31:37: Adding track segment (B.Cu): [(153905000, 74555000), (151365000, 72015000)]
21:31:37: Adding track segment (B.Cu): [(151365000, 72015000), (151365000, 67545000)]
21:31:37: Searching for SW36 module
21:31:37: Setting SW36 module position: (167875000, 72625000)
21:31:37: Searching for D36 module
21:31:37: Setting D36 module position: (172955000, 75655000)
21:31:37: Routing SW36 with D36
21:31:37: switchPadPosition: (170415000, 67545000), diodePadPosition: (172955000, 74555000)
21:31:37: Adding track segment (B.Cu): [(172955000, 74555000), (170415000, 72015000)]
21:31:37: Adding track segment (B.Cu): [(170415000, 72015000), (170415000, 67545000)]
21:31:37: Searching for SW37 module
21:31:37: Setting SW37 module position: (186925000, 72625000)
21:31:37: Searching for D37 module
21:31:37: Setting D37 module position: (192005000, 75655000)
21:31:37: Routing SW37 with D37
21:31:37: switchPadPosition: (189465000, 67545000), diodePadPosition: (192005000, 74555000)
21:31:37: Adding track segment (B.Cu): [(192005000, 74555000), (189465000, 72015000)]
21:31:37: Adding track segment (B.Cu): [(189465000, 72015000), (189465000, 67545000)]
21:31:37: Searching for SW38 module
21:31:37: Setting SW38 module position: (205975000, 72625000)
21:31:37: Searching for D38 module
21:31:37: Setting D38 module position: (211055000, 75655000)
21:31:37: Routing SW38 with D38
21:31:37: switchPadPosition: (208515000, 67545000), diodePadPosition: (211055000, 74555000)
21:31:37: Adding track segment (B.Cu): [(211055000, 74555000), (208515000, 72015000)]
21:31:37: Adding track segment (B.Cu): [(208515000, 72015000), (208515000, 67545000)]
21:31:37: Searching for SW39 module
21:31:37: Setting SW39 module position: (225025000, 72625000)
21:31:37: Searching for D39 module
21:31:37: Setting D39 module position: (230105000, 75655000)
21:31:37: Routing SW39 with D39
21:31:37: switchPadPosition: (227565000, 67545000), diodePadPosition: (230105000, 74555000)
21:31:37: Adding track segment (B.Cu): [(230105000, 74555000), (227565000, 72015000)]
21:31:37: Adding track segment (B.Cu): [(227565000, 72015000), (227565000, 67545000)]
21:31:37: Searching for SW40 module
21:31:37: Setting SW40 module position: (244075000, 72625000)
21:31:37: Searching for D40 module
21:31:37: Setting D40 module position: (249155000, 75655000)
21:31:37: Routing SW40 with D40
21:31:37: switchPadPosition: (246615000, 67545000), diodePadPosition: (249155000, 74555000)
21:31:37: Adding track segment (B.Cu): [(249155000, 74555000), (246615000, 72015000)]
21:31:37: Adding track segment (B.Cu): [(246615000, 72015000), (246615000, 67545000)]
21:31:37: Searching for SW41 module
21:31:37: Setting SW41 module position: (263125000, 72625000)
21:31:37: Searching for D41 module
21:31:37: Setting D41 module position: (268205000, 75655000)
21:31:37: Routing SW41 with D41
21:31:37: switchPadPosition: (265665000, 67545000), diodePadPosition: (268205000, 74555000)
21:31:37: Adding track segment (B.Cu): [(268205000, 74555000), (265665000, 72015000)]
21:31:37: Adding track segment (B.Cu): [(265665000, 72015000), (265665000, 67545000)]
21:31:37: Searching for SW42 module
21:31:37: Setting SW42 module position: (282175000, 72625000)
21:31:37: Searching for D42 module
21:31:37: Setting D42 module position: (287255000, 75655000)
21:31:37: Routing SW42 with D42
21:31:37: switchPadPosition: (284715000, 67545000), diodePadPosition: (287255000, 74555000)
21:31:37: Adding track segment (B.Cu): [(287255000, 74555000), (284715000, 72015000)]
21:31:37: Adding track segment (B.Cu): [(284715000, 72015000), (284715000, 67545000)]
21:31:37: Searching for SW43 module
21:31:37: Setting SW43 module position: (34525000, 91675000)
21:31:37: Searching for D43 module
21:31:37: Setting D43 module position: (39605000, 94705000)
21:31:37: Routing SW43 with D43
21:31:37: switchPadPosition: (37065000, 86595000), diodePadPosition: (39605000, 93605000)
21:31:37: Adding track segment (B.Cu): [(39605000, 93605000), (37065000, 91065000)]
21:31:37: Adding track segment (B.Cu): [(37065000, 91065000), (37065000, 86595000)]
21:31:37: Searching for SW44 module
21:31:37: Setting SW44 module position: (53575000, 91675000)
21:31:37: Searching for D44 module
21:31:37: Setting D44 module position: (58655000, 94705000)
21:31:37: Routing SW44 with D44
21:31:37: switchPadPosition: (56115000, 86595000), diodePadPosition: (58655000, 93605000)
21:31:37: Adding track segment (B.Cu): [(58655000, 93605000), (56115000, 91065000)]
21:31:37: Adding track segment (B.Cu): [(56115000, 91065000), (56115000, 86595000)]
21:31:37: Searching for SW45 module
21:31:37: Setting SW45 module position: (72625000, 91675000)
21:31:37: Searching for D45 module
21:31:37: Setting D45 module position: (77705000, 94705000)
21:31:37: Routing SW45 with D45
21:31:37: switchPadPosition: (75165000, 86595000), diodePadPosition: (77705000, 93605000)
21:31:37: Adding track segment (B.Cu): [(77705000, 93605000), (75165000, 91065000)]
21:31:37: Adding track segment (B.Cu): [(75165000, 91065000), (75165000, 86595000)]
21:31:37: Searching for SW46 module
21:31:37: Setting SW46 module position: (91675000, 91675000)
21:31:37: Searching for D46 module
21:31:37: Setting D46 module position: (96755000, 94705000)
21:31:37: Routing SW46 with D46
21:31:37: switchPadPosition: (94215000, 86595000), diodePadPosition: (96755000, 93605000)
21:31:37: Adding track segment (B.Cu): [(96755000, 93605000), (94215000, 91065000)]
21:31:37: Adding track segment (B.Cu): [(94215000, 91065000), (94215000, 86595000)]
21:31:37: Searching for SW47 module
21:31:37: Setting SW47 module position: (110725000, 91675000)
21:31:37: Searching for D47 module
21:31:37: Setting D47 module position: (115805000, 94705000)
21:31:37: Routing SW47 with D47
21:31:37: switchPadPosition: (113265000, 86595000), diodePadPosition: (115805000, 93605000)
21:31:37: Adding track segment (B.Cu): [(115805000, 93605000), (113265000, 91065000)]
21:31:37: Adding track segment (B.Cu): [(113265000, 91065000), (113265000, 86595000)]
21:31:37: Searching for SW48 module
21:31:37: Setting SW48 module position: (129775000, 91675000)
21:31:37: Searching for D48 module
21:31:37: Setting D48 module position: (134855000, 94705000)
21:31:37: Routing SW48 with D48
21:31:37: switchPadPosition: (132315000, 86595000), diodePadPosition: (134855000, 93605000)
21:31:37: Adding track segment (B.Cu): [(134855000, 93605000), (132315000, 91065000)]
21:31:37: Adding track segment (B.Cu): [(132315000, 91065000), (132315000, 86595000)]
21:31:37: Searching for SW49 module
21:31:37: Setting SW49 module position: (148825000, 91675000)
21:31:37: Searching for D49 module
21:31:37: Setting D49 module position: (153905000, 94705000)
21:31:37: Routing SW49 with D49
21:31:37: switchPadPosition: (151365000, 86595000), diodePadPosition: (153905000, 93605000)
21:31:37: Adding track segment (B.Cu): [(153905000, 93605000), (151365000, 91065000)]
21:31:37: Adding track segment (B.Cu): [(151365000, 91065000), (151365000, 86595000)]
21:31:37: Searching for SW50 module
21:31:37: Setting SW50 module position: (167875000, 91675000)
21:31:37: Searching for D50 module
21:31:37: Setting D50 module position: (172955000, 94705000)
21:31:37: Routing SW50 with D50
21:31:37: switchPadPosition: (170415000, 86595000), diodePadPosition: (172955000, 93605000)
21:31:37: Adding track segment (B.Cu): [(172955000, 93605000), (170415000, 91065000)]
21:31:37: Adding track segment (B.Cu): [(170415000, 91065000), (170415000, 86595000)]
21:31:37: Searching for SW51 module
21:31:37: Setting SW51 module position: (186925000, 91675000)
21:31:37: Searching for D51 module
21:31:37: Setting D51 module position: (192005000, 94705000)
21:31:37: Routing SW51 with D51
21:31:37: switchPadPosition: (189465000, 86595000), diodePadPosition: (192005000, 93605000)
21:31:37: Adding track segment (B.Cu): [(192005000, 93605000), (189465000, 91065000)]
21:31:37: Adding track segment (B.Cu): [(189465000, 91065000), (189465000, 86595000)]
21:31:37: Searching for SW52 module
21:31:37: Setting SW52 module position: (205975000, 91675000)
21:31:37: Searching for D52 module
21:31:37: Setting D52 module position: (211055000, 94705000)
21:31:37: Routing SW52 with D52
21:31:37: switchPadPosition: (208515000, 86595000), diodePadPosition: (211055000, 93605000)
21:31:37: Adding track segment (B.Cu): [(211055000, 93605000), (208515000, 91065000)]
21:31:37: Adding track segment (B.Cu): [(208515000, 91065000), (208515000, 86595000)]
21:31:37: Searching for SW53 module
21:31:37: Setting SW53 module position: (225025000, 91675000)
21:31:37: Searching for D53 module
21:31:37: Setting D53 module position: (230105000, 94705000)
21:31:37: Routing SW53 with D53
21:31:37: switchPadPosition: (227565000, 86595000), diodePadPosition: (230105000, 93605000)
21:31:37: Adding track segment (B.Cu): [(230105000, 93605000), (227565000, 91065000)]
21:31:37: Adding track segment (B.Cu): [(227565000, 91065000), (227565000, 86595000)]
21:31:37: Searching for SW54 module
21:31:37: Setting SW54 module position: (244075000, 91675000)
21:31:37: Searching for D54 module
21:31:37: Setting D54 module position: (249155000, 94705000)
21:31:37: Routing SW54 with D54
21:31:37: switchPadPosition: (246615000, 86595000), diodePadPosition: (249155000, 93605000)
21:31:37: Adding track segment (B.Cu): [(249155000, 93605000), (246615000, 91065000)]
21:31:37: Adding track segment (B.Cu): [(246615000, 91065000), (246615000, 86595000)]
21:31:37: Searching for SW55 module
21:31:37: Setting SW55 module position: (263125000, 91675000)
21:31:37: Searching for D55 module
21:31:37: Setting D55 module position: (268205000, 94705000)
21:31:37: Routing SW55 with D55
21:31:37: switchPadPosition: (265665000, 86595000), diodePadPosition: (268205000, 93605000)
21:31:37: Adding track segment (B.Cu): [(268205000, 93605000), (265665000, 91065000)]
21:31:37: Adding track segment (B.Cu): [(265665000, 91065000), (265665000, 86595000)]
21:31:37: Searching for SW56 module
21:31:37: Setting SW56 module position: (282175000, 91675000)
21:31:37: Searching for D56 module
21:31:37: Setting D56 module position: (287255000, 94705000)
21:31:37: Routing SW56 with D56
21:31:37: switchPadPosition: (284715000, 86595000), diodePadPosition: (287255000, 93605000)
21:31:37: Adding track segment (B.Cu): [(287255000, 93605000), (284715000, 91065000)]
21:31:37: Adding track segment (B.Cu): [(284715000, 91065000), (284715000, 86595000)]
21:31:37: Searching for SW57 module
21:31:37: Setting SW57 module position: (34525000, 110725000)
21:31:37: Searching for D57 module
21:31:37: Setting D57 module position: (39605000, 113755000)
21:31:37: Routing SW57 with D57
21:31:37: switchPadPosition: (37065000, 105645000), diodePadPosition: (39605000, 112655000)
21:31:37: Adding track segment (B.Cu): [(39605000, 112655000), (37065000, 110115000)]
21:31:37: Adding track segment (B.Cu): [(37065000, 110115000), (37065000, 105645000)]
21:31:37: Searching for SW58 module
21:31:37: Setting SW58 module position: (53575000, 110725000)
21:31:37: Searching for D58 module
21:31:37: Setting D58 module position: (58655000, 113755000)
21:31:37: Routing SW58 with D58
21:31:37: switchPadPosition: (56115000, 105645000), diodePadPosition: (58655000, 112655000)
21:31:37: Adding track segment (B.Cu): [(58655000, 112655000), (56115000, 110115000)]
21:31:37: Adding track segment (B.Cu): [(56115000, 110115000), (56115000, 105645000)]
21:31:37: Searching for SW59 module
21:31:37: Setting SW59 module position: (72625000, 110725000)
21:31:37: Searching for D59 module
21:31:37: Setting D59 module position: (77705000, 113755000)
21:31:37: Routing SW59 with D59
21:31:37: switchPadPosition: (75165000, 105645000), diodePadPosition: (77705000, 112655000)
21:31:37: Adding track segment (B.Cu): [(77705000, 112655000), (75165000, 110115000)]
21:31:37: Adding track segment (B.Cu): [(75165000, 110115000), (75165000, 105645000)]
21:31:37: Searching for SW60 module
21:31:37: Setting SW60 module position: (91675000, 110725000)
21:31:37: Searching for D60 module
21:31:37: Setting D60 module position: (96755000, 113755000)
21:31:37: Routing SW60 with D60
21:31:37: switchPadPosition: (94215000, 105645000), diodePadPosition: (96755000, 112655000)
21:31:37: Adding track segment (B.Cu): [(96755000, 112655000), (94215000, 110115000)]
21:31:37: Adding track segment (B.Cu): [(94215000, 110115000), (94215000, 105645000)]
21:31:37: Searching for SW61 module
21:31:37: Setting SW61 module position: (129775000, 110725000)
21:31:37: Setting ST61 module position: (129775000, 110725000)
21:31:37: Searching for D61 module
21:31:37: Setting D61 module position: (134855000, 113755000)
21:31:37: Routing SW61 with D61
21:31:37: switchPadPosition: (132315000, 105645000), diodePadPosition: (134855000, 112655000)
21:31:37: Adding track segment (B.Cu): [(134855000, 112655000), (132315000, 110115000)]
21:31:37: Adding track segment (B.Cu): [(132315000, 110115000), (132315000, 105645000)]
21:31:37: Searching for SW62 module
21:31:37: Setting SW62 module position: (186925000, 110725000)
21:31:37: Setting ST62 module position: (186925000, 110725000)
21:31:37: Searching for D62 module
21:31:37: Setting D62 module position: (192005000, 113755000)
21:31:37: Routing SW62 with D62
21:31:37: switchPadPosition: (189465000, 105645000), diodePadPosition: (192005000, 112655000)
21:31:37: Adding track segment (B.Cu): [(192005000, 112655000), (189465000, 110115000)]
21:31:37: Adding track segment (B.Cu): [(189465000, 110115000), (189465000, 105645000)]
21:31:37: Searching for SW63 module
21:31:37: Setting SW63 module position: (225025000, 110725000)
21:31:37: Searching for D63 module
21:31:37: Setting D63 module position: (230105000, 113755000)
21:31:37: Routing SW63 with D63
21:31:37: switchPadPosition: (227565000, 105645000), diodePadPosition: (230105000, 112655000)
21:31:37: Adding track segment (B.Cu): [(230105000, 112655000), (227565000, 110115000)]
21:31:37: Adding track segment (B.Cu): [(227565000, 110115000), (227565000, 105645000)]
21:31:37: Searching for SW64 module
21:31:37: Setting SW64 module position: (244075000, 110725000)
21:31:37: Searching for D64 module
21:31:37: Setting D64 module position: (249155000, 113755000)
21:31:37: Routing SW64 with D64
21:31:37: switchPadPosition: (246615000, 105645000), diodePadPosition: (249155000, 112655000)
21:31:37: Adding track segment (B.Cu): [(249155000, 112655000), (246615000, 110115000)]
21:31:37: Adding track segment (B.Cu): [(246615000, 110115000), (246615000, 105645000)]
21:31:37: Searching for SW65 module
21:31:37: Setting SW65 module position: (263125000, 110725000)
21:31:37: Searching for D65 module
21:31:37: Setting D65 module position: (268205000, 113755000)
21:31:37: Routing SW65 with D65
21:31:37: switchPadPosition: (265665000, 105645000), diodePadPosition: (268205000, 112655000)
21:31:37: Adding track segment (B.Cu): [(268205000, 112655000), (265665000, 110115000)]
21:31:37: Adding track segment (B.Cu): [(265665000, 110115000), (265665000, 105645000)]
21:31:37: Searching for SW66 module
21:31:37: Setting SW66 module position: (282175000, 110725000)
21:31:37: Searching for D66 module
21:31:37: Setting D66 module position: (287255000, 113755000)
21:31:37: Routing SW66 with D66
21:31:37: switchPadPosition: (284715000, 105645000), diodePadPosition: (287255000, 112655000)
21:31:37: Adding track segment (B.Cu): [(287255000, 112655000), (284715000, 110115000)]
21:31:37: Adding track segment (B.Cu): [(284715000, 110115000), (284715000, 105645000)]
21:31:37: Adding track segment (F.Cu): [(30715000, 31985000), (30715000, 51035000)]
21:31:37: Adding track segment (F.Cu): [(30715000, 51035000), (30715000, 70085000)]
21:31:37: Adding track segment (F.Cu): [(30715000, 70085000), (30715000, 89135000)]
21:31:37: Adding track segment (F.Cu): [(30715000, 89135000), (30715000, 108185000)]
21:31:37: Adding track segment (F.Cu): [(49765000, 31985000), (49765000, 51035000)]
21:31:37: Adding track segment (F.Cu): [(49765000, 51035000), (49765000, 70085000)]
21:31:37: Adding track segment (F.Cu): [(49765000, 70085000), (49765000, 89135000)]
21:31:37: Adding track segment (F.Cu): [(49765000, 89135000), (49765000, 108185000)]
21:31:37: Adding track segment (F.Cu): [(68815000, 31985000), (68815000, 51035000)]
21:31:37: Adding track segment (F.Cu): [(68815000, 51035000), (68815000, 70085000)]
21:31:37: Adding track segment (F.Cu): [(68815000, 70085000), (68815000, 89135000)]
21:31:37: Adding track segment (F.Cu): [(68815000, 89135000), (68815000, 108185000)]
21:31:37: Adding track segment (F.Cu): [(87865000, 31985000), (87865000, 51035000)]
21:31:37: Adding track segment (F.Cu): [(87865000, 51035000), (87865000, 70085000)]
21:31:37: Adding track segment (F.Cu): [(87865000, 70085000), (87865000, 89135000)]
21:31:37: Adding track segment (F.Cu): [(87865000, 89135000), (87865000, 108185000)]
21:31:37: Adding track segment (F.Cu): [(106915000, 31985000), (106915000, 51035000)]
21:31:37: Adding track segment (F.Cu): [(106915000, 51035000), (106915000, 70085000)]
21:31:37: Adding track segment (F.Cu): [(106915000, 70085000), (106915000, 89135000)]
21:31:37: Adding track segment (F.Cu): [(125965000, 31985000), (125965000, 51035000)]
21:31:37: Adding track segment (F.Cu): [(125965000, 51035000), (125965000, 70085000)]
21:31:37: Adding track segment (F.Cu): [(125965000, 70085000), (125965000, 89135000)]
21:31:37: Adding track segment (F.Cu): [(125965000, 89135000), (125965000, 108185000)]
21:31:37: Adding track segment (F.Cu): [(145015000, 31985000), (145015000, 51035000)]
21:31:37: Adding track segment (F.Cu): [(145015000, 51035000), (145015000, 70085000)]
21:31:37: Adding track segment (F.Cu): [(145015000, 70085000), (145015000, 89135000)]
21:31:37: Adding track segment (F.Cu): [(164065000, 31985000), (164065000, 51035000)]
21:31:37: Adding track segment (F.Cu): [(164065000, 51035000), (164065000, 70085000)]
21:31:37: Adding track segment (F.Cu): [(164065000, 70085000), (164065000, 89135000)]
21:31:37: Adding track segment (F.Cu): [(183115000, 31985000), (183115000, 51035000)]
21:31:37: Adding track segment (F.Cu): [(183115000, 51035000), (183115000, 70085000)]
21:31:37: Adding track segment (F.Cu): [(183115000, 70085000), (183115000, 89135000)]
21:31:37: Adding track segment (F.Cu): [(183115000, 89135000), (183115000, 108185000)]
21:31:37: Adding track segment (F.Cu): [(202165000, 31985000), (202165000, 51035000)]
21:31:37: Adding track segment (F.Cu): [(202165000, 51035000), (202165000, 70085000)]
21:31:37: Adding track segment (F.Cu): [(202165000, 70085000), (202165000, 89135000)]
21:31:37: Adding track segment (F.Cu): [(221215000, 31985000), (221215000, 51035000)]
21:31:37: Adding track segment (F.Cu): [(221215000, 51035000), (221215000, 70085000)]
21:31:37: Adding track segment (F.Cu): [(221215000, 70085000), (221215000, 89135000)]
21:31:37: Adding track segment (F.Cu): [(221215000, 89135000), (221215000, 108185000)]
21:31:37: Adding track segment (F.Cu): [(240265000, 31985000), (240265000, 51035000)]
21:31:37: Adding track segment (F.Cu): [(240265000, 51035000), (240265000, 70085000)]
21:31:37: Adding track segment (F.Cu): [(240265000, 70085000), (240265000, 89135000)]
21:31:37: Adding track segment (F.Cu): [(240265000, 89135000), (240265000, 108185000)]
21:31:37: Adding track segment (F.Cu): [(259315000, 31985000), (259315000, 51035000)]
21:31:37: Adding track segment (F.Cu): [(259315000, 51035000), (259315000, 70085000)]
21:31:37: Adding track segment (F.Cu): [(259315000, 70085000), (259315000, 89135000)]
21:31:37: Adding track segment (F.Cu): [(259315000, 89135000), (259315000, 108185000)]
21:31:37: Adding track segment (F.Cu): [(278365000, 31985000), (278365000, 51035000)]
21:31:37: Adding track segment (F.Cu): [(278365000, 51035000), (278365000, 70085000)]
21:31:37: Adding track segment (F.Cu): [(278365000, 70085000), (278365000, 89135000)]
21:31:37: Adding track segment (F.Cu): [(278365000, 89135000), (278365000, 108185000)]
21:31:37: Adding track segment (B.Cu): [(39605000, 38655000), (58655000, 38655000)]
21:31:37: Adding track segment (B.Cu): [(58655000, 38655000), (77705000, 38655000)]
21:31:37: Adding track segment (B.Cu): [(77705000, 38655000), (96755000, 38655000)]
21:31:37: Adding track segment (B.Cu): [(96755000, 38655000), (115805000, 38655000)]
21:31:37: Adding track segment (B.Cu): [(115805000, 38655000), (134855000, 38655000)]
21:31:37: Adding track segment (B.Cu): [(134855000, 38655000), (153905000, 38655000)]
21:31:37: Adding track segment (B.Cu): [(153905000, 38655000), (172955000, 38655000)]
21:31:37: Adding track segment (B.Cu): [(172955000, 38655000), (192005000, 38655000)]
21:31:37: Adding track segment (B.Cu): [(192005000, 38655000), (211055000, 38655000)]
21:31:37: Adding track segment (B.Cu): [(211055000, 38655000), (230105000, 38655000)]
21:31:37: Adding track segment (B.Cu): [(230105000, 38655000), (249155000, 38655000)]
21:31:37: Adding track segment (B.Cu): [(249155000, 38655000), (268205000, 38655000)]
21:31:37: Adding track segment (B.Cu): [(268205000, 38655000), (287255000, 38655000)]
21:31:37: Adding track segment (B.Cu): [(39605000, 57705000), (58655000, 57705000)]
21:31:37: Adding track segment (B.Cu): [(58655000, 57705000), (77705000, 57705000)]
21:31:37: Adding track segment (B.Cu): [(77705000, 57705000), (96755000, 57705000)]
21:31:37: Adding track segment (B.Cu): [(96755000, 57705000), (115805000, 57705000)]
21:31:37: Adding track segment (B.Cu): [(115805000, 57705000), (134855000, 57705000)]
21:31:37: Adding track segment (B.Cu): [(134855000, 57705000), (153905000, 57705000)]
21:31:37: Adding track segment (B.Cu): [(153905000, 57705000), (172955000, 57705000)]
21:31:37: Adding track segment (B.Cu): [(172955000, 57705000), (192005000, 57705000)]
21:31:37: Adding track segment (B.Cu): [(192005000, 57705000), (211055000, 57705000)]
21:31:37: Adding track segment (B.Cu): [(211055000, 57705000), (230105000, 57705000)]
21:31:37: Adding track segment (B.Cu): [(230105000, 57705000), (249155000, 57705000)]
21:31:37: Adding track segment (B.Cu): [(249155000, 57705000), (268205000, 57705000)]
21:31:37: Adding track segment (B.Cu): [(268205000, 57705000), (287255000, 57705000)]
21:31:37: Adding track segment (B.Cu): [(39605000, 76755000), (58655000, 76755000)]
21:31:37: Adding track segment (B.Cu): [(58655000, 76755000), (77705000, 76755000)]
21:31:37: Adding track segment (B.Cu): [(77705000, 76755000), (96755000, 76755000)]
21:31:37: Adding track segment (B.Cu): [(96755000, 76755000), (115805000, 76755000)]
21:31:37: Adding track segment (B.Cu): [(115805000, 76755000), (134855000, 76755000)]
21:31:37: Adding track segment (B.Cu): [(134855000, 76755000), (153905000, 76755000)]
21:31:37: Adding track segment (B.Cu): [(153905000, 76755000), (172955000, 76755000)]
21:31:37: Adding track segment (B.Cu): [(172955000, 76755000), (192005000, 76755000)]
21:31:37: Adding track segment (B.Cu): [(192005000, 76755000), (211055000, 76755000)]
21:31:37: Adding track segment (B.Cu): [(211055000, 76755000), (230105000, 76755000)]
21:31:37: Adding track segment (B.Cu): [(230105000, 76755000), (249155000, 76755000)]
21:31:37: Adding track segment (B.Cu): [(249155000, 76755000), (268205000, 76755000)]
21:31:37: Adding track segment (B.Cu): [(268205000, 76755000), (287255000, 76755000)]
21:31:37: Adding track segment (B.Cu): [(39605000, 95805000), (58655000, 95805000)]
21:31:37: Adding track segment (B.Cu): [(58655000, 95805000), (77705000, 95805000)]
21:31:37: Adding track segment (B.Cu): [(77705000, 95805000), (96755000, 95805000)]
21:31:37: Adding track segment (B.Cu): [(96755000, 95805000), (115805000, 95805000)]
21:31:37: Adding track segment (B.Cu): [(115805000, 95805000), (134855000, 95805000)]
21:31:37: Adding track segment (B.Cu): [(134855000, 95805000), (153905000, 95805000)]
21:31:37: Adding track segment (B.Cu): [(153905000, 95805000), (172955000, 95805000)]
21:31:37: Adding track segment (B.Cu): [(172955000, 95805000), (192005000, 95805000)]
21:31:37: Adding track segment (B.Cu): [(192005000, 95805000), (211055000, 95805000)]
21:31:37: Adding track segment (B.Cu): [(211055000, 95805000), (230105000, 95805000)]
21:31:37: Adding track segment (B.Cu): [(230105000, 95805000), (249155000, 95805000)]
21:31:37: Adding track segment (B.Cu): [(249155000, 95805000), (268205000, 95805000)]
21:31:37: Adding track segment (B.Cu): [(268205000, 95805000), (287255000, 95805000)]
21:31:37: Adding track segment (B.Cu): [(39605000, 114855000), (58655000, 114855000)]
21:31:37: Adding track segment (B.Cu): [(58655000, 114855000), (77705000, 114855000)]
21:31:37: Adding track segment (B.Cu): [(77705000, 114855000), (96755000, 114855000)]
21:31:37: Adding track segment (B.Cu): [(96755000, 114855000), (134855000, 114855000)]
21:31:37: Adding track segment (B.Cu): [(134855000, 114855000), (192005000, 114855000)]
21:31:37: Adding track segment (B.Cu): [(192005000, 114855000), (230105000, 114855000)]
21:31:37: Adding track segment (B.Cu): [(230105000, 114855000), (249155000, 114855000)]
21:31:37: Adding track segment (B.Cu): [(249155000, 114855000), (268205000, 114855000)]
21:31:37: Adding track segment (B.Cu): [(268205000, 114855000), (287255000, 114855000)]
